<?xml version="1.0" encoding="UTF-8"?>
<testsuite name="application.server.ServerApplicationTests" tests="1" skipped="0" failures="0" errors="0" timestamp="2023-07-26T18:41:54" hostname="ICOMPUTER" time="0.586">
  <properties/>
  <testcase name="contextLoads()" classname="application.server.ServerApplicationTests" time="0.586"/>
  <system-out><![CDATA[21:41:53.964 [Test worker] INFO org.springframework.test.context.support.AnnotationConfigContextLoaderUtils -- Could not detect default configuration classes for test class [application.server.ServerApplicationTests]: ServerApplicationTests does not declare any static, non-private, non-final, nested classes annotated with @Configuration.
21:41:54.035 [Test worker] INFO org.springframework.boot.test.context.SpringBootTestContextBootstrapper -- Found @SpringBootConfiguration application.server.ServerApplication for test class application.server.ServerApplicationTests

  .   ____          _            __ _ _
 /\\ / ___'_ __ _ _(_)_ __  __ _ \ \ \ \
( ( )\___ | '_ | '_| | '_ \/ _` | \ \ \ \
 \\/  ___)| |_)| | | | | || (_| |  ) ) ) )
  '  |____| .__|_| |_|_| |_\__, | / / / /
 =========|_|==============|___/=/_/_/_/
 :: Spring Boot ::                (v3.1.2)

2023-07-26T21:41:54.345+03:00  INFO 34140 --- [    Test worker] a.server.ServerApplicationTests          : Starting ServerApplicationTests using Java 17.0.7 with PID 34140 (started by IComputer in C:\Users\IComputer\source\repos\College\course-java-web-environment\src\server)
2023-07-26T21:41:54.346+03:00  INFO 34140 --- [    Test worker] a.server.ServerApplicationTests          : No active profile set, falling back to 1 default profile: "default"
2023-07-26T21:41:54.728+03:00  INFO 34140 --- [    Test worker] a.server.ServerApplicationTests          : Started ServerApplicationTests in 0.564 seconds (process running for 1.417)
]]></system-out>
  <system-err><![CDATA[]]></system-err>
</testsuite>
